# JRE version: OpenJDK Runtime Environment (8.0-b10) (build 1.8.0-262-b10)
# Java VM: OpenJDK 64-Bit Server VM (25.71-b10 mixed mode windows-amd64 compressed oops)
Heap:
 PSYoungGen      total 327680K, used 124022K [0x00000000eab00000, 0x0000000100000000, 0x0000000100000000)
  eden space 306176K, 40% used [0x00000000eab00000,0x00000000f241db78,0x00000000fd600000)
  from space 21504K, 0% used [0x00000000feb00000,0x00000000feb00000,0x0000000100000000)
  to   space 21504K, 0% used [0x00000000fd600000,0x00000000fd600000,0x00000000feb00000)
 ParOldGen       total 349696K, used 328827K [0x00000000c0000000, 0x00000000d5580000, 0x00000000eab00000)
  object space 349696K, 94% used [0x00000000c0000000,0x00000000d411ed58,0x00000000d5580000)
 Metaspace       used 6142K, capacity 6340K, committed 6656K, reserved 1056768K
  class space    used 623K, capacity 706K, committed 768K, reserved 1048576K
GC Heap History (10 events):
Event: 7.691 GC heap before
{Heap before GC invocations=62 (full 30):
 PSYoungGen      total 327680K, used 20640K [0x00000000eab00000, 0x0000000100000000, 0x0000000100000000)
  eden space 306176K, 0% used [0x00000000eab00000,0x00000000eab00000,0x00000000fd600000)
  from space 21504K, 95% used [0x00000000feb00000,0x00000000fff28010,0x0000000100000000)
  to   space 21504K, 0% used [0x00000000fd600000,0x00000000fd600000,0x00000000feb00000)
 ParOldGen       total 349696K, used 285902K [0x00000000c0000000, 0x00000000d5580000, 0x00000000eab00000)
  object space 349696K, 81% used [0x00000000c0000000,0x00000000d1733bf0,0x00000000d5580000)
 Metaspace       used 5444K, capacity 5630K, committed 5888K, reserved 1056768K
  class space    used 558K, capacity 641K, committed 768K, reserved 1048576K
Event: 7.839 GC heap after
Heap after GC invocations=62 (full 30):
 PSYoungGen      total 327680K, used 0K [0x00000000eab00000, 0x0000000100000000, 0x0000000100000000)
  eden space 306176K, 0% used [0x00000000eab00000,0x00000000eab00000,0x00000000fd600000)
  from space 21504K, 0% used [0x00000000feb00000,0x00000000feb00000,0x0000000100000000)
  to   space 21504K, 0% used [0x00000000fd600000,0x00000000fd600000,0x00000000feb00000)
 ParOldGen       total 349696K, used 306085K [0x00000000c0000000, 0x00000000d5580000, 0x00000000eab00000)
  object space 349696K, 87% used [0x00000000c0000000,0x00000000d2ae9530,0x00000000d5580000)
 Metaspace       used 5444K, capacity 5630K, committed 5888K, reserved 1056768K
  class space    used 558K, capacity 641K, committed 768K, reserved 1048576K
}
Event: 7.896 GC heap before
{Heap before GC invocations=63 (full 30):
 PSYoungGen      total 327680K, used 147215K [0x00000000eab00000, 0x0000000100000000, 0x0000000100000000)
  eden space 306176K, 48% used [0x00000000eab00000,0x00000000f3ac3eb8,0x00000000fd600000)
  from space 21504K, 0% used [0x00000000feb00000,0x00000000feb00000,0x0000000100000000)
  to   space 21504K, 0% used [0x00000000fd600000,0x00000000fd600000,0x00000000feb00000)
 ParOldGen       total 349696K, used 306085K [0x00000000c0000000, 0x00000000d5580000, 0x00000000eab00000)
  object space 349696K, 87% used [0x00000000c0000000,0x00000000d2ae9530,0x00000000d5580000)
 Metaspace       used 5444K, capacity 5630K, committed 5888K, reserved 1056768K
  class space    used 558K, capacity 641K, committed 768K, reserved 1048576K
Event: 7.904 GC heap after
Heap after GC invocations=63 (full 30):
 PSYoungGen      total 327680K, used 17776K [0x00000000eab00000, 0x0000000100000000, 0x0000000100000000)
  eden space 306176K, 0% used [0x00000000eab00000,0x00000000eab00000,0x00000000fd600000)
  from space 21504K, 82% used [0x00000000fd600000,0x00000000fe75c010,0x00000000feb00000)
  to   space 21504K, 0% used [0x00000000feb00000,0x00000000feb00000,0x0000000100000000)
 ParOldGen       total 349696K, used 306085K [0x00000000c0000000, 0x00000000d5580000, 0x00000000eab00000)
  object space 349696K, 87% used [0x00000000c0000000,0x00000000d2ae9530,0x00000000d5580000)
 Metaspace       used 5444K, capacity 5630K, committed 5888K, reserved 1056768K
  class space    used 558K, capacity 641K, committed 768K, reserved 1048576K
}
Event: 7.904 GC heap before
{Heap before GC invocations=64 (full 31):
 PSYoungGen      total 327680K, used 17776K [0x00000000eab00000, 0x0000000100000000, 0x0000000100000000)
  eden space 306176K, 0% used [0x00000000eab00000,0x00000000eab00000,0x00000000fd600000)
  from space 21504K, 82% used [0x00000000fd600000,0x00000000fe75c010,0x00000000feb00000)
  to   space 21504K, 0% used [0x00000000feb00000,0x00000000feb00000,0x0000000100000000)
 ParOldGen       total 349696K, used 306085K [0x00000000c0000000, 0x00000000d5580000, 0x00000000eab00000)
  object space 349696K, 87% used [0x00000000c0000000,0x00000000d2ae9530,0x00000000d5580000)
 Metaspace       used 5444K, capacity 5630K, committed 5888K, reserved 1056768K
  class space    used 558K, capacity 641K, committed 768K, reserved 1048576K
Event: 8.140 GC heap after
Heap after GC invocations=64 (full 31):
 PSYoungGen      total 327680K, used 0K [0x00000000eab00000, 0x0000000100000000, 0x0000000100000000)
  eden space 306176K, 0% used [0x00000000eab00000,0x00000000eab00000,0x00000000fd600000)
  from space 21504K, 0% used [0x00000000fd600000,0x00000000fd600000,0x00000000feb00000)
  to   space 21504K, 0% used [0x00000000feb00000,0x00000000feb00000,0x0000000100000000)
 ParOldGen       total 349696K, used 323567K [0x00000000c0000000, 0x00000000d5580000, 0x00000000eab00000)
  object space 349696K, 92% used [0x00000000c0000000,0x00000000d3bfbd98,0x00000000d5580000)
 Metaspace       used 5444K, capacity 5630K, committed 5888K, reserved 1056768K
  class space    used 558K, capacity 641K, committed 768K, reserved 1048576K
}
Event: 8.203 GC heap before
{Heap before GC invocations=65 (full 31):
 PSYoungGen      total 327680K, used 78614K [0x00000000eab00000, 0x0000000100000000, 0x0000000100000000)
  eden space 306176K, 25% used [0x00000000eab00000,0x00000000ef7c5a00,0x00000000fd600000)
  from space 21504K, 0% used [0x00000000fd600000,0x00000000fd600000,0x00000000feb00000)
  to   space 21504K, 0% used [0x00000000feb00000,0x00000000feb00000,0x0000000100000000)
 ParOldGen       total 349696K, used 323567K [0x00000000c0000000, 0x00000000d5580000, 0x00000000eab00000)
  object space 349696K, 92% used [0x00000000c0000000,0x00000000d3bfbd98,0x00000000d5580000)
 Metaspace       used 5532K, capacity 5630K, committed 5888K, reserved 1056768K
  class space    used 573K, capacity 641K, committed 768K, reserved 1048576K
Event: 8.206 GC heap after
Heap after GC invocations=65 (full 31):
 PSYoungGen      total 327680K, used 5529K [0x00000000eab00000, 0x0000000100000000, 0x0000000100000000)
  eden space 306176K, 0% used [0x00000000eab00000,0x00000000eab00000,0x00000000fd600000)
  from space 21504K, 25% used [0x00000000feb00000,0x00000000ff066628,0x0000000100000000)
  to   space 21504K, 0% used [0x00000000fd600000,0x00000000fd600000,0x00000000feb00000)
 ParOldGen       total 349696K, used 323575K [0x00000000c0000000, 0x00000000d5580000, 0x00000000eab00000)
  object space 349696K, 92% used [0x00000000c0000000,0x00000000d3bfdd98,0x00000000d5580000)
 Metaspace       used 5532K, capacity 5630K, committed 5888K, reserved 1056768K
  class space    used 573K, capacity 641K, committed 768K, reserved 1048576K
}
Event: 8.206 GC heap before
{Heap before GC invocations=66 (full 32):
 PSYoungGen      total 327680K, used 5529K [0x00000000eab00000, 0x0000000100000000, 0x0000000100000000)
  eden space 306176K, 0% used [0x00000000eab00000,0x00000000eab00000,0x00000000fd600000)
  from space 21504K, 25% used [0x00000000feb00000,0x00000000ff066628,0x0000000100000000)
  to   space 21504K, 0% used [0x00000000fd600000,0x00000000fd600000,0x00000000feb00000)
 ParOldGen       total 349696K, used 323575K [0x00000000c0000000, 0x00000000d5580000, 0x00000000eab00000)
  object space 349696K, 92% used [0x00000000c0000000,0x00000000d3bfdd98,0x00000000d5580000)
 Metaspace       used 5532K, capacity 5630K, committed 5888K, reserved 1056768K
  class space    used 573K, capacity 641K, committed 768K, reserved 1048576K
Event: 8.592 GC heap after
Heap after GC invocations=66 (full 32):
 PSYoungGen      total 327680K, used 0K [0x00000000eab00000, 0x0000000100000000, 0x0000000100000000)
  eden space 306176K, 0% used [0x00000000eab00000,0x00000000eab00000,0x00000000fd600000)
  from space 21504K, 0% used [0x00000000feb00000,0x00000000feb00000,0x0000000100000000)
  to   space 21504K, 0% used [0x00000000fd600000,0x00000000fd600000,0x00000000feb00000)
 ParOldGen       total 349696K, used 328827K [0x00000000c0000000, 0x00000000d5580000, 0x00000000eab00000)
  object space 349696K, 94% used [0x00000000c0000000,0x00000000d411ed58,0x00000000d5580000)
 Metaspace       used 5532K, capacity 5630K, committed 5888K, reserved 1056768K
  class space    used 573K, capacity 641K, committed 768K, reserved 1048576K
}

