# JRE version: OpenJDK Runtime Environment (8.0-b10) (build 1.8.0-262-b10)
# Java VM: OpenJDK 64-Bit Server VM (25.71-b10 mixed mode windows-amd64 compressed oops)
Heap:
 PSYoungGen      total 327680K, used 133493K [0x00000000eab00000, 0x0000000100000000, 0x0000000100000000)
  eden space 306176K, 43% used [0x00000000eab00000,0x00000000f2d5d498,0x00000000fd600000)
  from space 21504K, 0% used [0x00000000feb00000,0x00000000feb00000,0x0000000100000000)
  to   space 21504K, 0% used [0x00000000fd600000,0x00000000fd600000,0x00000000feb00000)
 ParOldGen       total 349696K, used 328741K [0x00000000c0000000, 0x00000000d5580000, 0x00000000eab00000)
  object space 349696K, 94% used [0x00000000c0000000,0x00000000d41094c0,0x00000000d5580000)
 Metaspace       used 6158K, capacity 6340K, committed 6656K, reserved 1056768K
  class space    used 626K, capacity 706K, committed 768K, reserved 1048576K
GC Heap History (10 events):
Event: 8.027 GC heap before
{Heap before GC invocations=61 (full 29):
 PSYoungGen      total 327680K, used 18320K [0x00000000eab00000, 0x0000000100000000, 0x0000000100000000)
  eden space 306176K, 0% used [0x00000000eab00000,0x00000000eab00000,0x00000000fd600000)
  from space 21504K, 85% used [0x00000000feb00000,0x00000000ffce4010,0x0000000100000000)
  to   space 21504K, 0% used [0x00000000fd600000,0x00000000fd600000,0x00000000feb00000)
 ParOldGen       total 349696K, used 300465K [0x00000000c0000000, 0x00000000d5580000, 0x00000000eab00000)
  object space 349696K, 85% used [0x00000000c0000000,0x00000000d256c4e0,0x00000000d5580000)
 Metaspace       used 5444K, capacity 5630K, committed 5888K, reserved 1056768K
  class space    used 558K, capacity 641K, committed 768K, reserved 1048576K
Event: 8.254 GC heap after
Heap after GC invocations=61 (full 29):
 PSYoungGen      total 327680K, used 0K [0x00000000eab00000, 0x0000000100000000, 0x0000000100000000)
  eden space 306176K, 0% used [0x00000000eab00000,0x00000000eab00000,0x00000000fd600000)
  from space 21504K, 0% used [0x00000000feb00000,0x00000000feb00000,0x0000000100000000)
  to   space 21504K, 0% used [0x00000000fd600000,0x00000000fd600000,0x00000000feb00000)
 ParOldGen       total 349696K, used 318459K [0x00000000c0000000, 0x00000000d5580000, 0x00000000eab00000)
  object space 349696K, 91% used [0x00000000c0000000,0x00000000d36fede0,0x00000000d5580000)
 Metaspace       used 5444K, capacity 5630K, committed 5888K, reserved 1056768K
  class space    used 558K, capacity 641K, committed 768K, reserved 1048576K
}
Event: 8.319 GC heap before
{Heap before GC invocations=62 (full 29):
 PSYoungGen      total 327680K, used 123815K [0x00000000eab00000, 0x0000000100000000, 0x0000000100000000)
  eden space 306176K, 40% used [0x00000000eab00000,0x00000000f23e9cb8,0x00000000fd600000)
  from space 21504K, 0% used [0x00000000feb00000,0x00000000feb00000,0x0000000100000000)
  to   space 21504K, 0% used [0x00000000fd600000,0x00000000fd600000,0x00000000feb00000)
 ParOldGen       total 349696K, used 318459K [0x00000000c0000000, 0x00000000d5580000, 0x00000000eab00000)
  object space 349696K, 91% used [0x00000000c0000000,0x00000000d36fede0,0x00000000d5580000)
 Metaspace       used 5491K, capacity 5630K, committed 5888K, reserved 1056768K
  class space    used 565K, capacity 641K, committed 768K, reserved 1048576K
Event: 8.324 GC heap after
Heap after GC invocations=62 (full 29):
 PSYoungGen      total 327680K, used 10649K [0x00000000eab00000, 0x0000000100000000, 0x0000000100000000)
  eden space 306176K, 0% used [0x00000000eab00000,0x00000000eab00000,0x00000000fd600000)
  from space 21504K, 49% used [0x00000000fd600000,0x00000000fe066628,0x00000000feb00000)
  to   space 21504K, 0% used [0x00000000feb00000,0x00000000feb00000,0x0000000100000000)
 ParOldGen       total 349696K, used 318467K [0x00000000c0000000, 0x00000000d5580000, 0x00000000eab00000)
  object space 349696K, 91% used [0x00000000c0000000,0x00000000d3700de0,0x00000000d5580000)
 Metaspace       used 5491K, capacity 5630K, committed 5888K, reserved 1056768K
  class space    used 565K, capacity 641K, committed 768K, reserved 1048576K
}
Event: 8.324 GC heap before
{Heap before GC invocations=63 (full 30):
 PSYoungGen      total 327680K, used 10649K [0x00000000eab00000, 0x0000000100000000, 0x0000000100000000)
  eden space 306176K, 0% used [0x00000000eab00000,0x00000000eab00000,0x00000000fd600000)
  from space 21504K, 49% used [0x00000000fd600000,0x00000000fe066628,0x00000000feb00000)
  to   space 21504K, 0% used [0x00000000feb00000,0x00000000feb00000,0x0000000100000000)
 ParOldGen       total 349696K, used 318467K [0x00000000c0000000, 0x00000000d5580000, 0x00000000eab00000)
  object space 349696K, 91% used [0x00000000c0000000,0x00000000d3700de0,0x00000000d5580000)
 Metaspace       used 5491K, capacity 5630K, committed 5888K, reserved 1056768K
  class space    used 565K, capacity 641K, committed 768K, reserved 1048576K
Event: 8.690 GC heap after
Heap after GC invocations=63 (full 30):
 PSYoungGen      total 327680K, used 0K [0x00000000eab00000, 0x0000000100000000, 0x0000000100000000)
  eden space 306176K, 0% used [0x00000000eab00000,0x00000000eab00000,0x00000000fd600000)
  from space 21504K, 0% used [0x00000000fd600000,0x00000000fd600000,0x00000000feb00000)
  to   space 21504K, 0% used [0x00000000feb00000,0x00000000feb00000,0x0000000100000000)
 ParOldGen       total 349696K, used 328817K [0x00000000c0000000, 0x00000000d5580000, 0x00000000eab00000)
  object space 349696K, 94% used [0x00000000c0000000,0x00000000d411c400,0x00000000d5580000)
 Metaspace       used 5491K, capacity 5630K, committed 5888K, reserved 1056768K
  class space    used 565K, capacity 641K, committed 768K, reserved 1048576K
}
Event: 8.743 GC heap before
{Heap before GC invocations=64 (full 30):
 PSYoungGen      total 327680K, used 12357K [0x00000000eab00000, 0x0000000100000000, 0x0000000100000000)
  eden space 306176K, 4% used [0x00000000eab00000,0x00000000eb711790,0x00000000fd600000)
  from space 21504K, 0% used [0x00000000fd600000,0x00000000fd600000,0x00000000feb00000)
  to   space 21504K, 0% used [0x00000000feb00000,0x00000000feb00000,0x0000000100000000)
 ParOldGen       total 349696K, used 328817K [0x00000000c0000000, 0x00000000d5580000, 0x00000000eab00000)
  object space 349696K, 94% used [0x00000000c0000000,0x00000000d411c400,0x00000000d5580000)
 Metaspace       used 5532K, capacity 5630K, committed 5888K, reserved 1056768K
  class space    used 573K, capacity 641K, committed 768K, reserved 1048576K
Event: 8.744 GC heap after
Heap after GC invocations=64 (full 30):
 PSYoungGen      total 327680K, used 160K [0x00000000eab00000, 0x0000000100000000, 0x0000000100000000)
  eden space 306176K, 0% used [0x00000000eab00000,0x00000000eab00000,0x00000000fd600000)
  from space 21504K, 0% used [0x00000000feb00000,0x00000000feb28000,0x0000000100000000)
  to   space 21504K, 0% used [0x00000000fd600000,0x00000000fd600000,0x00000000feb00000)
 ParOldGen       total 349696K, used 328825K [0x00000000c0000000, 0x00000000d5580000, 0x00000000eab00000)
  object space 349696K, 94% used [0x00000000c0000000,0x00000000d411e400,0x00000000d5580000)
 Metaspace       used 5532K, capacity 5630K, committed 5888K, reserved 1056768K
  class space    used 573K, capacity 641K, committed 768K, reserved 1048576K
}
Event: 8.744 GC heap before
{Heap before GC invocations=65 (full 31):
 PSYoungGen      total 327680K, used 160K [0x00000000eab00000, 0x0000000100000000, 0x0000000100000000)
  eden space 306176K, 0% used [0x00000000eab00000,0x00000000eab00000,0x00000000fd600000)
  from space 21504K, 0% used [0x00000000feb00000,0x00000000feb28000,0x0000000100000000)
  to   space 21504K, 0% used [0x00000000fd600000,0x00000000fd600000,0x00000000feb00000)
 ParOldGen       total 349696K, used 328825K [0x00000000c0000000, 0x00000000d5580000, 0x00000000eab00000)
  object space 349696K, 94% used [0x00000000c0000000,0x00000000d411e400,0x00000000d5580000)
 Metaspace       used 5532K, capacity 5630K, committed 5888K, reserved 1056768K
  class space    used 573K, capacity 641K, committed 768K, reserved 1048576K
Event: 9.090 GC heap after
Heap after GC invocations=65 (full 31):
 PSYoungGen      total 327680K, used 0K [0x00000000eab00000, 0x0000000100000000, 0x0000000100000000)
  eden space 306176K, 0% used [0x00000000eab00000,0x00000000eab00000,0x00000000fd600000)
  from space 21504K, 0% used [0x00000000feb00000,0x00000000feb00000,0x0000000100000000)
  to   space 21504K, 0% used [0x00000000fd600000,0x00000000fd600000,0x00000000feb00000)
 ParOldGen       total 349696K, used 328741K [0x00000000c0000000, 0x00000000d5580000, 0x00000000eab00000)
  object space 349696K, 94% used [0x00000000c0000000,0x00000000d41094c0,0x00000000d5580000)
 Metaspace       used 5532K, capacity 5630K, committed 5888K, reserved 1056768K
  class space    used 573K, capacity 641K, committed 768K, reserved 1048576K
}

